04/04/2022 12:05:49 PM Hashed payload: 6d731789d549507dc5082402940f58b20661d68cbe96e951218c036bcc0dc2a91f58834f5cfb4517623f281ddc151e23f55e54906bca1991cfc52b59ecf979f0
04/04/2022 12:05:49 PM Signature: OxNov1wo+KOHAezLKNxyYzAFTGSmBaG9MjY5epW9iFSH+njwvTz3Pvd1FfydYVNA04hBD/9g93hIaFL7dicHaA==
04/04/2022 12:05:51 PM Redirect URL: https://test-gateway.tillpayments.com/redirect/12958b016306bfcbb8a3/NmM1ZTM2MTRjYzc3MzA4MjA4NWRhZTg2MTA2NTRjNjJhMGZiNTM2M2RkYzU2OGIwY2VhY2ExMTNjYjQ2ODhiYzY2Mzk3NzZlNTcyNWFlMWI3NGM3MzNkZjg0OTJiOThmYzBiMjRkY2IyMTljNTFjN2RlMjMzNDA4NjhjY2IxYWM=
05/17/2022 01:19:27 PM Hashed payload: f7e7fe20a0565e0753cfb42bf4dae0b68742099965bc2f00563846469f907d6667f7f996a9622e591e1b638601ab5e2b9e26eec80f6cbd9c8436ee779df5f910
05/17/2022 01:19:27 PM Signature: DHJIiEdXunhVzY53Eqrj7jt+i1ikUNzk8j0hDk7Bv2yPxDjSMU3m4HggWrSJYjcvvzdF7k1Ht0CYBzVXu2/e5A==
05/17/2022 01:19:27 PM Redirect URL: https://test-gateway.tillpayments.com/redirect/542e60f17e5ce0290077/YTNmMTk1NDczOTc4MWZhZmI5M2ExMjVkNzIwOGIyYmY4OTNlNTk5MjUyMmVmZjgxMTRiNmEyZjI1NWNmYTMxMWJjYTYxYmI0YWRmNDlhZDMyMWI2MzRmNGE1MGM5YTZhMjFiN2FhMTMzMDgzNWIyNWMyOTQxZDIxN2QyZWY2Nzk=
05/17/2022 01:20:29 PM Hashed payload: ce3c9c8f6ede00b895d9d27fecea3a0c636e827eba1997f223dc387e9dbd4f1529afd3972c3df91cd3f434ae876dc7e6003f42bbc5f1568dd6c4b4027b32760a
05/17/2022 01:20:29 PM Signature: Bbk6VcWcn5QaNgplDk01PgNoaXcyKrZh3gH3Irkyw7rB2KWUJnB9+/qL/5y3+G5FI815cA9vMbk2SLxbTwmgRg==
05/17/2022 01:20:29 PM Redirect URL: https://test-gateway.tillpayments.com/redirect/bd1da9f24141fe2828cf/NjljYWViOTlmNGNkZWIyN2YyM2FkZDkwNGU4NTkxYzZiMGI4NjUzYTA2YWYxNzE3NjEwZGVlYmMxYjNhNGY2ZDA5Y2Y5M2EwMTg5NzMzODFlZjQ0NzdjMDc1MjM5M2ViYTJjMDg4YWEwYmY1ZThmZGM1ZjU3MjBjZjZmNzdiZDQ=
05/17/2022 01:21:35 PM Hashed payload: 36d40a4067cdacdc74f5c155968157506bb6e0178df52575eedc1cf4710ba3adbb71da043806f68db3c3bc78fc0c92ee5ae5354ae79fabec033a61a3999049de
05/17/2022 01:21:35 PM Signature: LPW2cm9ZsqOj+bh6B/TKGODeO3mfOnKo2otxuTIppZgwB7xYRilj+6laAufCFORmaYVkhHP/havyjccmQoK6OQ==
05/17/2022 01:21:35 PM Redirect URL: https://test-gateway.tillpayments.com/redirect/f6bb608693426f6dde0e/MzdlODQ1MDM5OTk0YWJlMWI4NzM4YTU4NTkzMzk0ZDg0N2MyZjcyOTM4YzE5NDAzYTg2NzYyZDVmNmViYzc5MmY5Y2Q5ZDk5MTI5ZDVlYjE3MjI0MjE5MmE2ODlhMDRiOTg1MmIyNzhiOWZiMmQzNTZmYjljMDM5ZDM0MjllMGE=
05/17/2022 02:02:10 PM Hashed payload: 6480fa1d2e3e93469e20ec13a88f9d15db910ec835562f08ca7abea00e05859de09ba234695a030718c341c42dc171651d998d9ddf12f6052dc2e063d4a7bfb0
05/17/2022 02:02:10 PM Signature: lEX08eNUVzYey9xt+4mPbsQSsBiVPDPD6E+9lBZExzS4k1oHJw+AoeIg1w4BZfbOZTtG8AewKyI9ghjqTxZOSA==
05/17/2022 02:02:10 PM Redirect URL: https://test-gateway.tillpayments.com/redirect/7e8e4abf27de7b33d21b/NDJmYjdmYjRhMjA4NjU2OTQzZGJmNTJhMjljOTA0ZmUzNDZlYTQyMTI3MDc3YzJhMWNiY2FkZWNkOWJkMTBlMWYzNjdmMTk5YWQ1OTQwODBjYTNiYjFmYTYyOTI2NGIyMDRhNzEyNGRmNDBmZGY5YmZlZGNiZDliYTRkN2VlOGI=
05/18/2022 09:09:11 AM Hashed payload: 71c5609b397447b55d81f7079f02bce27128e0801331e1dbff2f7ccf0a09178876d1c805296da067c7cd4f47c55dd3f3789e5912164c4cd3dd9b87185642a353
05/18/2022 09:09:11 AM Signature: YtcPCHCxVVvJ7xaOBaNmlrKuD300CnikJbc3nxh+4V0DVQjuB7Lx1Nt22kEOt6Y+8ie2M6EsEKc/ampiieiSUA==
05/18/2022 09:09:12 AM Redirect URL: https://test-gateway.tillpayments.com/redirect/070bdfa3bbf476fa2bc6/Yzc4ZDRiZjJiMzFlNGFlNWIzNzA3OGZiYWIzYTY3ODcxY2E4ZDViZmEyZTUxMzI3YmE2NzAxYmMxYTlmOGMwZTE3ZjVmYmM0MmRiOWY2ZjFlNDQ2ODg1ZGU2ODQ4OTMzY2I4MDJiMzMwYWJhYjYyMDc2OWM5M2M4NGU1NzUyMTA=
05/18/2022 09:10:17 AM Hashed payload: 71084d8dc398f8c5e90b7fdec1153e11347c98fb58c5fcc519948e86442a274f04a71684fde14f5145e0f6cdd6bed72f53c8f3c717b415057f15447f029562b2
05/18/2022 09:10:17 AM Signature: FoJqgWZ5ENAPpgJWDCDy7HNGbE9ZE/PutsZH6NdbylvLAmDM2Ltp1+mBWOO+2NmYtk9m1GHOObI/06VpX7ciJg==
05/18/2022 09:10:18 AM Redirect URL: https://test-gateway.tillpayments.com/redirect/1c4114017862db36faad/MDAwYmZhNzFhMDU3ZWQ2ZTlhOTIxMDM2YjUwMGYyYTJlZDE3YTQzZjI0MTMxY2Q3ZWMyNWNiYWY5YWJlODlkNjBmZmE5YzkzYjI2YTA0MTM3NzIwZTNiMjNkNDA5YmViYjViM2I0Njc3MTgyOTEwYmMyNTI4YTBhOTA0N2E5ZjU=
